<?xml version="1.0" encoding="UTF-8"?>
<!-- Generated by org.testng.reporters.JUnitReportReporter -->
<testsuite hostname="DESKTOP-OK4CS6E" failures="0" tests="1" name="TestNg_Basic.Sample1" time="0.029" errors="0" timestamp="2024-11-28T23:50:48 IST" skipped="0">
  <testcase classname="TestNg_Basic.Sample1" name="testcase1" time="0.029"/>
</testsuite> <!-- TestNg_Basic.Sample1 -->
