<?xml version="1.0" encoding="UTF-8"?>
<!-- Generated by org.testng.reporters.JUnitReportReporter -->
<testsuite hostname="DESKTOP-OK4CS6E" failures="0" tests="1" name="TestNg_Basic.sample2" time="0.032" errors="0" timestamp="2024-11-28T23:58:46 IST" skipped="0">
  <testcase classname="TestNg_Basic.sample2" name="Testcase1" time="0.032"/>
</testsuite> <!-- TestNg_Basic.sample2 -->
