<?xml version="1.0" encoding="UTF-8"?>
<!-- Generated by org.testng.reporters.JUnitReportReporter -->
<testsuite hostname="DESKTOP-OK4CS6E" failures="0" tests="6" name="Day14_TestNG.Example3" time="0.016" errors="0" timestamp="2025-01-01T18:37:05 IST" skipped="1">
  <testcase classname="Day14_TestNG.Example3" name="TestCase2" time="0.011"/>
  <testcase classname="Day14_TestNG.Example3" name="TestCase4" time="0.000"/>
  <testcase classname="Day14_TestNG.Example3" name="TestCase4" time="0.003"/>
  <testcase classname="Day14_TestNG.Example3" name="TestCase4" time="0.002"/>
  <testcase classname="Day14_TestNG.Example3" name="TestCase3" time="0.000"/>
  <testcase classname="Day14_TestNG.Example3" name="TestCase1">
    <skipped/>
  </testcase> <!-- TestCase1 -->
</testsuite> <!-- Day14_TestNG.Example3 -->
