<?xml version="1.0" encoding="UTF-8"?>
<!-- Generated by org.testng.reporters.JUnitReportReporter -->
<testsuite hostname="DESKTOP-OK4CS6E" failures="0" tests="1" name="Day14_TestNG.practice" time="6.678" errors="0" timestamp="2024-12-24T18:59:21 IST" skipped="0">
  <testcase classname="Day14_TestNG.practice" name="use" time="6.678"/>
</testsuite> <!-- Day14_TestNG.practice -->
