<?xml version="1.0" encoding="UTF-8"?>
<!-- Generated by org.testng.reporters.JUnitReportReporter -->
<testsuite hostname="DESKTOP-OK4CS6E" failures="0" tests="4" name="Day14_TestNG.Example2" time="0.015" errors="0" timestamp="2025-01-01T18:37:05 IST" skipped="0">
  <testcase classname="Day14_TestNG.Example2" name="TestCase4" time="0.000"/>
  <testcase classname="Day14_TestNG.Example2" name="TestCase1" time="0.015"/>
  <testcase classname="Day14_TestNG.Example2" name="TestCase2" time="0.000"/>
  <testcase classname="Day14_TestNG.Example2" name="TestCase3" time="0.000"/>
</testsuite> <!-- Day14_TestNG.Example2 -->
