<?xml version="1.0" encoding="UTF-8"?>
<!-- Generated by org.testng.reporters.JUnitReportReporter -->
<testsuite hostname="DESKTOP-OK4CS6E" failures="0" tests="1" name="Day14_TestNG.OrangeHRM1" time="28.253" errors="0" timestamp="2025-01-01T18:37:05 IST" skipped="0">
  <testcase classname="Day14_TestNG.OrangeHRM1" name="PIM" time="28.253"/>
</testsuite> <!-- Day14_TestNG.OrangeHRM1 -->
